2024-11-23 06:50:00.091 botMg [scheduling-1] INFO  c.h.m.service.order.OrderServiceImpl - 同步14天数据：2024-11-23 ~ 2024-11-09 06:50:00
2024-11-23 06:50:01.170 botMg [scheduling-1] INFO  c.h.m.service.order.OrderServiceImpl - 订单数据完成,开始备份资金:2024-11-09
2024-11-23 06:50:01.184 botMg [scheduling-1] INFO  c.h.m.service.order.OrderServiceImpl - 资金数据完成,开始备份变动明细:2024-11-09
2024-11-23 06:50:01.191 botMg [scheduling-1] INFO  c.h.m.service.order.OrderServiceImpl - 变动明细处理完成...
2024-11-23 11:21:44.321 botMg [http-nio-8001-exec-7] INFO  com.hml.mall.aspect.SysLogAspect - 请求路径：【null】：com.hml.mall.controller.bot.PreCodeController.findPage()
2024-11-23 11:21:44.321 botMg [http-nio-8001-exec-7] INFO  com.hml.mall.aspect.SysLogAspect - 请求参数为：[{"pageNum":1,"pageSize":50,"params":{"drawIssue":"","mode":"","id@desc":"a"}}]
2024-11-23 11:22:01.218 botMg [http-nio-8001-exec-4] INFO  com.hml.mall.aspect.SysLogAspect - 请求路径：【admin】：com.hml.mall.controller.sys.MenuController.findNavTree()
2024-11-23 11:22:01.219 botMg [http-nio-8001-exec-4] INFO  com.hml.mall.aspect.SysLogAspect - 请求参数为：["admin"]
2024-11-23 11:22:01.319 botMg [http-nio-8001-exec-3] INFO  com.hml.mall.aspect.SysLogAspect - 请求路径：【admin】：com.hml.mall.controller.sys.LoginUserController.findByUserName()
2024-11-23 11:22:01.320 botMg [http-nio-8001-exec-3] INFO  com.hml.mall.aspect.SysLogAspect - 请求参数为：["admin"]
2024-11-23 11:22:01.337 botMg [http-nio-8001-exec-3] INFO  com.hml.mall.aspect.SysLogAspect - 请求路径：【admin】：com.hml.mall.controller.sys.LoginUserController.findPermissions()
2024-11-23 11:22:01.337 botMg [http-nio-8001-exec-3] INFO  com.hml.mall.aspect.SysLogAspect - 请求参数为：["admin"]
2024-11-23 11:22:09.629 botMg [http-nio-8001-exec-6] INFO  com.hml.mall.aspect.SysLogAspect - 请求路径：【admin】：com.hml.mall.controller.bot.PreCodeController.findPage()
2024-11-23 11:22:09.629 botMg [http-nio-8001-exec-6] INFO  com.hml.mall.aspect.SysLogAspect - 请求参数为：[{"pageNum":1,"pageSize":50,"params":{"drawIssue":"","mode":"","id@desc":"a"}}]
2024-11-23 11:22:14.668 botMg [http-nio-8001-exec-5] INFO  com.hml.mall.aspect.SysLogAspect - 请求路径：【admin】：com.hml.mall.controller.bot.PreCodeController.getDraw()
2024-11-23 11:22:14.668 botMg [http-nio-8001-exec-5] INFO  com.hml.mall.aspect.SysLogAspect - 请求参数为：[{"rkey":"HXNN5"}]
2024-11-23 11:23:15.400 botMg [http-nio-8001-exec-8] INFO  com.hml.mall.aspect.SysLogAspect - 请求路径：【admin】：com.hml.mall.controller.bot.PreCodeController.findPage()
2024-11-23 11:23:15.400 botMg [http-nio-8001-exec-8] INFO  com.hml.mall.aspect.SysLogAspect - 请求参数为：[{"pageNum":1,"pageSize":50,"params":{"drawIssue":"","mode":"","id@desc":"a"}}]
2024-11-23 11:23:20.109 botMg [http-nio-8001-exec-7] INFO  com.hml.mall.aspect.SysLogAspect - 请求路径：【admin】：com.hml.mall.controller.bot.PreCodeController.getDraw()
2024-11-23 11:23:20.109 botMg [http-nio-8001-exec-7] INFO  com.hml.mall.aspect.SysLogAspect - 请求参数为：[{"rkey":"HXNN5"}]
2024-11-23 11:25:29.796 botMg [http-nio-8001-exec-9] INFO  com.hml.mall.aspect.SysLogAspect - 请求路径：【admin】：com.hml.mall.controller.bot.PreCodeController.findPage()
2024-11-23 11:25:29.796 botMg [http-nio-8001-exec-9] INFO  com.hml.mall.aspect.SysLogAspect - 请求参数为：[{"pageNum":1,"pageSize":50,"params":{"drawIssue":"","mode":"","id@desc":"a"}}]
2024-11-23 11:25:34.003 botMg [http-nio-8001-exec-10] INFO  com.hml.mall.aspect.SysLogAspect - 请求路径：【admin】：com.hml.mall.controller.bot.PreCodeController.getDraw()
2024-11-23 11:25:34.003 botMg [http-nio-8001-exec-10] INFO  com.hml.mall.aspect.SysLogAspect - 请求参数为：[{"rkey":"HXNN5"}]
2024-11-23 11:27:37.586 botMg [http-nio-8001-exec-1] INFO  com.hml.mall.aspect.SysLogAspect - 请求路径：【admin】：com.hml.mall.controller.bot.PreCodeController.findPage()
2024-11-23 11:27:37.586 botMg [http-nio-8001-exec-1] INFO  com.hml.mall.aspect.SysLogAspect - 请求参数为：[{"pageNum":1,"pageSize":50,"params":{"drawIssue":"","mode":"","id@desc":"a"}}]
2024-11-23 11:27:41.407 botMg [http-nio-8001-exec-4] INFO  com.hml.mall.aspect.SysLogAspect - 请求路径：【admin】：com.hml.mall.controller.bot.PreCodeController.getDraw()
2024-11-23 11:27:41.407 botMg [http-nio-8001-exec-4] INFO  com.hml.mall.aspect.SysLogAspect - 请求参数为：[{"rkey":"HXNN5"}]
2024-11-23 11:28:08.548 botMg [http-nio-8001-exec-2] INFO  com.hml.mall.aspect.SysLogAspect - 请求路径：【admin】：com.hml.mall.controller.bot.PreCodeController.findPage()
2024-11-23 11:28:08.548 botMg [http-nio-8001-exec-2] INFO  com.hml.mall.aspect.SysLogAspect - 请求参数为：[{"pageNum":1,"pageSize":50,"params":{"drawIssue":"","mode":"","id@desc":"a"}}]
2024-11-23 11:28:12.622 botMg [http-nio-8001-exec-3] INFO  com.hml.mall.aspect.SysLogAspect - 请求路径：【admin】：com.hml.mall.controller.bot.PreCodeController.getDraw()
2024-11-23 11:28:12.622 botMg [http-nio-8001-exec-3] INFO  com.hml.mall.aspect.SysLogAspect - 请求参数为：[{"rkey":"HXNN5"}]
2024-11-23 11:28:44.264 botMg [http-nio-8001-exec-6] INFO  com.hml.mall.aspect.SysLogAspect - 请求路径：【admin】：com.hml.mall.controller.bot.PreCodeController.findPage()
2024-11-23 11:28:44.264 botMg [http-nio-8001-exec-6] INFO  com.hml.mall.aspect.SysLogAspect - 请求参数为：[{"pageNum":1,"pageSize":50,"params":{"drawIssue":"","mode":"","id@desc":"a"}}]
2024-11-23 11:28:49.777 botMg [http-nio-8001-exec-5] INFO  com.hml.mall.aspect.SysLogAspect - 请求路径：【admin】：com.hml.mall.controller.bot.PreCodeController.getDraw()
2024-11-23 11:28:49.777 botMg [http-nio-8001-exec-5] INFO  com.hml.mall.aspect.SysLogAspect - 请求参数为：[{"rkey":"HXNN5"}]
2024-11-23 11:29:37.168 botMg [http-nio-8001-exec-8] INFO  com.hml.mall.aspect.SysLogAspect - 请求路径：【admin】：com.hml.mall.controller.bot.PreCodeController.findPage()
2024-11-23 11:29:37.169 botMg [http-nio-8001-exec-8] INFO  com.hml.mall.aspect.SysLogAspect - 请求参数为：[{"pageNum":1,"pageSize":50,"params":{"drawIssue":"","mode":"","id@desc":"a"}}]
2024-11-23 11:29:43.267 botMg [http-nio-8001-exec-7] INFO  com.hml.mall.aspect.SysLogAspect - 请求路径：【admin】：com.hml.mall.controller.bot.PreCodeController.getDraw()
2024-11-23 11:29:43.267 botMg [http-nio-8001-exec-7] INFO  com.hml.mall.aspect.SysLogAspect - 请求参数为：[{"rkey":"HXNN5"}]
2024-11-23 11:30:42.002 botMg [http-nio-8001-exec-9] INFO  com.hml.mall.aspect.SysLogAspect - 请求路径：【admin】：com.hml.mall.controller.bot.PreCodeController.findPage()
2024-11-23 11:30:42.002 botMg [http-nio-8001-exec-9] INFO  com.hml.mall.aspect.SysLogAspect - 请求参数为：[{"pageNum":1,"pageSize":50,"params":{"drawIssue":"","mode":"","id@desc":"a"}}]
2024-11-23 11:30:47.795 botMg [http-nio-8001-exec-10] INFO  com.hml.mall.aspect.SysLogAspect - 请求路径：【admin】：com.hml.mall.controller.bot.PreCodeController.getDraw()
2024-11-23 11:30:47.795 botMg [http-nio-8001-exec-10] INFO  com.hml.mall.aspect.SysLogAspect - 请求参数为：[{"rkey":"HXNN5"}]
2024-11-23 11:31:21.335 botMg [http-nio-8001-exec-1] INFO  com.hml.mall.aspect.SysLogAspect - 请求路径：【admin】：com.hml.mall.controller.bot.PreCodeController.findPage()
2024-11-23 11:31:21.335 botMg [http-nio-8001-exec-1] INFO  com.hml.mall.aspect.SysLogAspect - 请求参数为：[{"pageNum":1,"pageSize":50,"params":{"drawIssue":"","mode":"","id@desc":"a"}}]
2024-11-23 11:31:24.977 botMg [http-nio-8001-exec-4] INFO  com.hml.mall.aspect.SysLogAspect - 请求路径：【admin】：com.hml.mall.controller.bot.PreCodeController.getDraw()
2024-11-23 11:31:24.977 botMg [http-nio-8001-exec-4] INFO  com.hml.mall.aspect.SysLogAspect - 请求参数为：[{"rkey":"HXNN5"}]
2024-11-23 11:46:41.510 botMg [http-nio-8001-exec-2] INFO  com.hml.mall.aspect.SysLogAspect - 请求路径：【admin】：com.hml.mall.controller.sys.MenuController.findNavTree()
2024-11-23 11:46:41.510 botMg [http-nio-8001-exec-2] INFO  com.hml.mall.aspect.SysLogAspect - 请求参数为：["admin"]
2024-11-23 11:46:41.665 botMg [http-nio-8001-exec-3] INFO  com.hml.mall.aspect.SysLogAspect - 请求路径：【admin】：com.hml.mall.controller.sys.MenuController.findNavTree()
2024-11-23 11:46:41.666 botMg [http-nio-8001-exec-3] INFO  com.hml.mall.aspect.SysLogAspect - 请求参数为：["admin"]
2024-11-23 11:46:41.669 botMg [http-nio-8001-exec-6] INFO  com.hml.mall.aspect.SysLogAspect - 请求路径：【admin】：com.hml.mall.controller.sys.LoginUserController.findPermissions()
2024-11-23 11:46:41.669 botMg [http-nio-8001-exec-6] INFO  com.hml.mall.aspect.SysLogAspect - 请求参数为：["admin"]
2024-11-23 11:46:41.758 botMg [http-nio-8001-exec-5] INFO  com.hml.mall.aspect.SysLogAspect - 请求路径：【admin】：com.hml.mall.controller.sys.LoginUserController.findPermissions()
2024-11-23 11:46:41.759 botMg [http-nio-8001-exec-5] INFO  com.hml.mall.aspect.SysLogAspect - 请求参数为：["admin"]
2024-11-23 11:46:42.675 botMg [http-nio-8001-exec-8] INFO  com.hml.mall.aspect.SysLogAspect - 请求路径：【admin】：com.hml.mall.controller.bot.PreCodeController.findPage()
2024-11-23 11:46:42.675 botMg [http-nio-8001-exec-8] INFO  com.hml.mall.aspect.SysLogAspect - 请求参数为：[{"pageNum":1,"pageSize":50,"params":{"drawIssue":"","mode":"","id@desc":"a"}}]
2024-11-23 11:46:42.767 botMg [http-nio-8001-exec-7] INFO  com.hml.mall.aspect.SysLogAspect - 请求路径：【admin】：com.hml.mall.controller.sys.LoginUserController.findByUserName()
2024-11-23 11:46:42.767 botMg [http-nio-8001-exec-7] INFO  com.hml.mall.aspect.SysLogAspect - 请求参数为：["admin"]
2024-11-23 11:46:49.286 botMg [http-nio-8001-exec-9] INFO  com.hml.mall.aspect.SysLogAspect - 请求路径：【admin】：com.hml.mall.controller.bot.PreCodeController.getDraw()
2024-11-23 11:46:49.286 botMg [http-nio-8001-exec-9] INFO  com.hml.mall.aspect.SysLogAspect - 请求参数为：[{"rkey":"HXNN5"}]
2024-11-23 14:44:18.224 botMg [http-nio-8001-exec-10] INFO  com.hml.mall.aspect.SysLogAspect - 请求路径：【null】：com.hml.mall.controller.bot.PreCodeController.findPage()
2024-11-23 14:44:18.225 botMg [http-nio-8001-exec-10] INFO  com.hml.mall.aspect.SysLogAspect - 请求参数为：[{"pageNum":1,"pageSize":50,"params":{"drawIssue":"","mode":"","id@desc":"a"}}]
2024-11-23 14:44:36.243 botMg [http-nio-8001-exec-3] INFO  com.hml.mall.aspect.SysLogAspect - 请求路径：【admin】：com.hml.mall.controller.sys.MenuController.findNavTree()
2024-11-23 14:44:36.243 botMg [http-nio-8001-exec-3] INFO  com.hml.mall.aspect.SysLogAspect - 请求参数为：["admin"]
2024-11-23 14:44:36.254 botMg [http-nio-8001-exec-6] INFO  com.hml.mall.aspect.SysLogAspect - 请求路径：【admin】：com.hml.mall.controller.sys.LoginUserController.findByUserName()
2024-11-23 14:44:36.254 botMg [http-nio-8001-exec-6] INFO  com.hml.mall.aspect.SysLogAspect - 请求参数为：["admin"]
2024-11-23 14:44:36.318 botMg [http-nio-8001-exec-5] INFO  com.hml.mall.aspect.SysLogAspect - 请求路径：【admin】：com.hml.mall.controller.sys.LoginUserController.findPermissions()
2024-11-23 14:44:36.318 botMg [http-nio-8001-exec-5] INFO  com.hml.mall.aspect.SysLogAspect - 请求参数为：["admin"]
2024-11-23 14:44:48.231 botMg [http-nio-8001-exec-8] INFO  com.hml.mall.aspect.SysLogAspect - 请求路径：【admin】：com.hml.mall.controller.bot.PreCodeController.findPage()
2024-11-23 14:44:48.231 botMg [http-nio-8001-exec-8] INFO  com.hml.mall.aspect.SysLogAspect - 请求参数为：[{"pageNum":1,"pageSize":50,"params":{"drawIssue":"","mode":"","id@desc":"a"}}]
2024-11-23 14:44:53.014 botMg [http-nio-8001-exec-7] INFO  com.hml.mall.aspect.SysLogAspect - 请求路径：【admin】：com.hml.mall.controller.bot.PreCodeController.getDraw()
2024-11-23 14:44:53.014 botMg [http-nio-8001-exec-7] INFO  com.hml.mall.aspect.SysLogAspect - 请求参数为：[{"rkey":"HXNN5"}]
2024-11-23 14:45:43.851 botMg [http-nio-8001-exec-9] INFO  com.hml.mall.aspect.SysLogAspect - 请求路径：【admin】：com.hml.mall.controller.bot.PreCodeController.findPage()
2024-11-23 14:45:43.851 botMg [http-nio-8001-exec-9] INFO  com.hml.mall.aspect.SysLogAspect - 请求参数为：[{"pageNum":1,"pageSize":50,"params":{"drawIssue":"","mode":"","id@desc":"a"}}]
2024-11-23 14:45:49.639 botMg [http-nio-8001-exec-10] INFO  com.hml.mall.aspect.SysLogAspect - 请求路径：【admin】：com.hml.mall.controller.bot.PreCodeController.getDraw()
2024-11-23 14:45:49.639 botMg [http-nio-8001-exec-10] INFO  com.hml.mall.aspect.SysLogAspect - 请求参数为：[{"rkey":"HXNN5"}]
2024-11-23 14:47:47.094 botMg [http-nio-8001-exec-1] INFO  com.hml.mall.aspect.SysLogAspect - 请求路径：【admin】：com.hml.mall.controller.bot.PreCodeController.findPage()
2024-11-23 14:47:47.094 botMg [http-nio-8001-exec-1] INFO  com.hml.mall.aspect.SysLogAspect - 请求参数为：[{"pageNum":1,"pageSize":50,"params":{"drawIssue":"","mode":"","id@desc":"a"}}]
2024-11-23 14:47:51.611 botMg [http-nio-8001-exec-4] INFO  com.hml.mall.aspect.SysLogAspect - 请求路径：【admin】：com.hml.mall.controller.bot.PreCodeController.getDraw()
2024-11-23 14:47:51.611 botMg [http-nio-8001-exec-4] INFO  com.hml.mall.aspect.SysLogAspect - 请求参数为：[{"rkey":"HXNN5"}]
2024-11-23 14:48:58.432 botMg [http-nio-8001-exec-2] INFO  com.hml.mall.aspect.SysLogAspect - 请求路径：【admin】：com.hml.mall.controller.bot.PreCodeController.findPage()
2024-11-23 14:48:58.432 botMg [http-nio-8001-exec-2] INFO  com.hml.mall.aspect.SysLogAspect - 请求参数为：[{"pageNum":1,"pageSize":50,"params":{"drawIssue":"","mode":"","id@desc":"a"}}]
2024-11-23 14:49:04.853 botMg [http-nio-8001-exec-3] INFO  com.hml.mall.aspect.SysLogAspect - 请求路径：【admin】：com.hml.mall.controller.bot.PreCodeController.getDraw()
2024-11-23 14:49:04.853 botMg [http-nio-8001-exec-3] INFO  com.hml.mall.aspect.SysLogAspect - 请求参数为：[{"rkey":"HXNN5"}]
2024-11-23 14:50:30.853 botMg [http-nio-8001-exec-6] INFO  com.hml.mall.aspect.SysLogAspect - 请求路径：【admin】：com.hml.mall.controller.bot.PreCodeController.findPage()
2024-11-23 14:50:30.853 botMg [http-nio-8001-exec-6] INFO  com.hml.mall.aspect.SysLogAspect - 请求参数为：[{"pageNum":1,"pageSize":50,"params":{"drawIssue":"","mode":"","id@desc":"a"}}]
2024-11-23 14:50:35.703 botMg [http-nio-8001-exec-5] INFO  com.hml.mall.aspect.SysLogAspect - 请求路径：【admin】：com.hml.mall.controller.bot.PreCodeController.getDraw()
2024-11-23 14:50:35.703 botMg [http-nio-8001-exec-5] INFO  com.hml.mall.aspect.SysLogAspect - 请求参数为：[{"rkey":"HXNN5"}]
2024-11-23 14:52:38.292 botMg [http-nio-8001-exec-8] INFO  com.hml.mall.aspect.SysLogAspect - 请求路径：【admin】：com.hml.mall.controller.bot.PreCodeController.findPage()
2024-11-23 14:52:38.292 botMg [http-nio-8001-exec-8] INFO  com.hml.mall.aspect.SysLogAspect - 请求参数为：[{"pageNum":1,"pageSize":50,"params":{"drawIssue":"","mode":"","id@desc":"a"}}]
2024-11-23 14:52:43.656 botMg [http-nio-8001-exec-7] INFO  com.hml.mall.aspect.SysLogAspect - 请求路径：【admin】：com.hml.mall.controller.bot.PreCodeController.getDraw()
2024-11-23 14:52:43.656 botMg [http-nio-8001-exec-7] INFO  com.hml.mall.aspect.SysLogAspect - 请求参数为：[{"rkey":"HXNN5"}]
2024-11-23 14:56:34.148 botMg [http-nio-8001-exec-9] INFO  com.hml.mall.aspect.SysLogAspect - 请求路径：【admin】：com.hml.mall.controller.bot.PreCodeController.findPage()
2024-11-23 14:56:34.149 botMg [http-nio-8001-exec-9] INFO  com.hml.mall.aspect.SysLogAspect - 请求参数为：[{"pageNum":1,"pageSize":50,"params":{"drawIssue":"","mode":"","id@desc":"a"}}]
2024-11-23 14:56:40.184 botMg [http-nio-8001-exec-10] INFO  com.hml.mall.aspect.SysLogAspect - 请求路径：【admin】：com.hml.mall.controller.bot.PreCodeController.getDraw()
2024-11-23 14:56:40.184 botMg [http-nio-8001-exec-10] INFO  com.hml.mall.aspect.SysLogAspect - 请求参数为：[{"rkey":"HXNN5"}]
2024-11-23 14:59:27.532 botMg [http-nio-8001-exec-1] INFO  com.hml.mall.aspect.SysLogAspect - 请求路径：【admin】：com.hml.mall.controller.bot.PreCodeController.findPage()
2024-11-23 14:59:27.532 botMg [http-nio-8001-exec-1] INFO  com.hml.mall.aspect.SysLogAspect - 请求参数为：[{"pageNum":1,"pageSize":50,"params":{"drawIssue":"","mode":"","id@desc":"a"}}]
2024-11-23 14:59:34.279 botMg [http-nio-8001-exec-4] INFO  com.hml.mall.aspect.SysLogAspect - 请求路径：【admin】：com.hml.mall.controller.bot.PreCodeController.getDraw()
2024-11-23 14:59:34.280 botMg [http-nio-8001-exec-4] INFO  com.hml.mall.aspect.SysLogAspect - 请求参数为：[{"rkey":"HXNN5"}]
2024-11-23 15:00:37.138 botMg [http-nio-8001-exec-2] INFO  com.hml.mall.aspect.SysLogAspect - 请求路径：【admin】：com.hml.mall.controller.bot.PreCodeController.findPage()
2024-11-23 15:00:37.138 botMg [http-nio-8001-exec-2] INFO  com.hml.mall.aspect.SysLogAspect - 请求参数为：[{"pageNum":1,"pageSize":50,"params":{"drawIssue":"","mode":"","id@desc":"a"}}]
2024-11-23 15:00:44.876 botMg [http-nio-8001-exec-3] INFO  com.hml.mall.aspect.SysLogAspect - 请求路径：【admin】：com.hml.mall.controller.bot.PreCodeController.getDraw()
2024-11-23 15:00:44.876 botMg [http-nio-8001-exec-3] INFO  com.hml.mall.aspect.SysLogAspect - 请求参数为：[{"rkey":"HXNN5"}]
2024-11-23 15:01:29.275 botMg [http-nio-8001-exec-6] INFO  com.hml.mall.aspect.SysLogAspect - 请求路径：【admin】：com.hml.mall.controller.bot.PreCodeController.findPage()
2024-11-23 15:01:29.275 botMg [http-nio-8001-exec-6] INFO  com.hml.mall.aspect.SysLogAspect - 请求参数为：[{"pageNum":1,"pageSize":50,"params":{"drawIssue":"","mode":"","id@desc":"a"}}]
2024-11-23 15:01:35.667 botMg [http-nio-8001-exec-5] INFO  com.hml.mall.aspect.SysLogAspect - 请求路径：【admin】：com.hml.mall.controller.bot.PreCodeController.getDraw()
2024-11-23 15:01:35.668 botMg [http-nio-8001-exec-5] INFO  com.hml.mall.aspect.SysLogAspect - 请求参数为：[{"rkey":"HXNN5"}]
2024-11-23 15:04:48.046 botMg [http-nio-8001-exec-8] INFO  com.hml.mall.aspect.SysLogAspect - 请求路径：【admin】：com.hml.mall.controller.bot.PreCodeController.findPage()
2024-11-23 15:04:48.046 botMg [http-nio-8001-exec-8] INFO  com.hml.mall.aspect.SysLogAspect - 请求参数为：[{"pageNum":1,"pageSize":50,"params":{"drawIssue":"","mode":"","id@desc":"a"}}]
2024-11-23 15:04:52.990 botMg [http-nio-8001-exec-7] INFO  com.hml.mall.aspect.SysLogAspect - 请求路径：【admin】：com.hml.mall.controller.bot.PreCodeController.getDraw()
2024-11-23 15:04:52.990 botMg [http-nio-8001-exec-7] INFO  com.hml.mall.aspect.SysLogAspect - 请求参数为：[{"rkey":"HXNN5"}]
2024-11-23 15:27:29.516 botMg [http-nio-8001-exec-9] INFO  com.hml.mall.aspect.SysLogAspect - 请求路径：【admin】：com.hml.mall.controller.bot.PreCodeController.findPage()
2024-11-23 15:27:29.516 botMg [http-nio-8001-exec-9] INFO  com.hml.mall.aspect.SysLogAspect - 请求参数为：[{"pageNum":1,"pageSize":50,"params":{"drawIssue":"","mode":"","id@desc":"a"}}]
2024-11-23 15:27:36.675 botMg [http-nio-8001-exec-10] INFO  com.hml.mall.aspect.SysLogAspect - 请求路径：【admin】：com.hml.mall.controller.bot.PreCodeController.getDraw()
2024-11-23 15:27:36.675 botMg [http-nio-8001-exec-10] INFO  com.hml.mall.aspect.SysLogAspect - 请求参数为：[{"rkey":"HXNN5"}]
2024-11-23 15:28:47.640 botMg [http-nio-8001-exec-1] INFO  com.hml.mall.aspect.SysLogAspect - 请求路径：【admin】：com.hml.mall.controller.bot.PreCodeController.findPage()
2024-11-23 15:28:47.640 botMg [http-nio-8001-exec-1] INFO  com.hml.mall.aspect.SysLogAspect - 请求参数为：[{"pageNum":1,"pageSize":50,"params":{"drawIssue":"","mode":"","id@desc":"a"}}]
2024-11-23 15:28:53.834 botMg [http-nio-8001-exec-4] INFO  com.hml.mall.aspect.SysLogAspect - 请求路径：【admin】：com.hml.mall.controller.bot.PreCodeController.getDraw()
2024-11-23 15:28:53.834 botMg [http-nio-8001-exec-4] INFO  com.hml.mall.aspect.SysLogAspect - 请求参数为：[{"rkey":"HXNN5"}]
2024-11-23 15:32:00.711 botMg [http-nio-8001-exec-2] INFO  com.hml.mall.aspect.SysLogAspect - 请求路径：【admin】：com.hml.mall.controller.bot.PreCodeController.findPage()
2024-11-23 15:32:00.711 botMg [http-nio-8001-exec-2] INFO  com.hml.mall.aspect.SysLogAspect - 请求参数为：[{"pageNum":1,"pageSize":50,"params":{"drawIssue":"","mode":"","id@desc":"a"}}]
2024-11-23 15:32:05.119 botMg [http-nio-8001-exec-3] INFO  com.hml.mall.aspect.SysLogAspect - 请求路径：【admin】：com.hml.mall.controller.bot.PreCodeController.getDraw()
2024-11-23 15:32:05.119 botMg [http-nio-8001-exec-3] INFO  com.hml.mall.aspect.SysLogAspect - 请求参数为：[{"rkey":"HXNN5"}]
2024-11-23 15:34:55.739 botMg [http-nio-8001-exec-8] INFO  com.hml.mall.aspect.SysLogAspect - 请求路径：【admin】：com.hml.mall.controller.sys.MenuController.findNavTree()
2024-11-23 15:34:55.740 botMg [http-nio-8001-exec-8] INFO  com.hml.mall.aspect.SysLogAspect - 请求参数为：["admin"]
2024-11-23 15:34:55.764 botMg [http-nio-8001-exec-7] INFO  com.hml.mall.aspect.SysLogAspect - 请求路径：【admin】：com.hml.mall.controller.sys.LoginUserController.findByUserName()
2024-11-23 15:34:55.764 botMg [http-nio-8001-exec-7] INFO  com.hml.mall.aspect.SysLogAspect - 请求参数为：["admin"]
2024-11-23 15:34:55.801 botMg [http-nio-8001-exec-9] INFO  com.hml.mall.aspect.SysLogAspect - 请求路径：【admin】：com.hml.mall.controller.sys.LoginUserController.findPermissions()
2024-11-23 15:34:55.801 botMg [http-nio-8001-exec-9] INFO  com.hml.mall.aspect.SysLogAspect - 请求参数为：["admin"]
2024-11-23 15:35:01.689 botMg [http-nio-8001-exec-10] INFO  com.hml.mall.aspect.SysLogAspect - 请求路径：【admin】：com.hml.mall.controller.bot.PreCodeController.findPage()
2024-11-23 15:35:01.689 botMg [http-nio-8001-exec-10] INFO  com.hml.mall.aspect.SysLogAspect - 请求参数为：[{"pageNum":1,"pageSize":50,"params":{"drawIssue":"","mode":"","id@desc":"a"}}]
2024-11-23 15:35:08.443 botMg [http-nio-8001-exec-1] INFO  com.hml.mall.aspect.SysLogAspect - 请求路径：【admin】：com.hml.mall.controller.bot.PreCodeController.getDraw()
2024-11-23 15:35:08.443 botMg [http-nio-8001-exec-1] INFO  com.hml.mall.aspect.SysLogAspect - 请求参数为：[{"rkey":"HXNN5"}]
2024-11-23 15:52:58.972 botMg [http-nio-8001-exec-4] INFO  com.hml.mall.aspect.SysLogAspect - 请求路径：【admin】：com.hml.mall.controller.bot.PreCodeController.findPage()
2024-11-23 15:52:58.972 botMg [http-nio-8001-exec-4] INFO  com.hml.mall.aspect.SysLogAspect - 请求参数为：[{"pageNum":1,"pageSize":50,"params":{"drawIssue":"","mode":"","id@desc":"a"}}]
2024-11-23 15:53:03.338 botMg [http-nio-8001-exec-2] INFO  com.hml.mall.aspect.SysLogAspect - 请求路径：【admin】：com.hml.mall.controller.bot.PreCodeController.getDraw()
2024-11-23 15:53:03.338 botMg [http-nio-8001-exec-2] INFO  com.hml.mall.aspect.SysLogAspect - 请求参数为：[{"rkey":"HXNN5"}]
2024-11-23 15:54:03.035 botMg [http-nio-8001-exec-3] INFO  com.hml.mall.aspect.SysLogAspect - 请求路径：【admin】：com.hml.mall.controller.bot.PreCodeController.findPage()
2024-11-23 15:54:03.035 botMg [http-nio-8001-exec-3] INFO  com.hml.mall.aspect.SysLogAspect - 请求参数为：[{"pageNum":1,"pageSize":50,"params":{"drawIssue":"","mode":"","id@desc":"a"}}]
2024-11-23 15:54:08.528 botMg [http-nio-8001-exec-6] INFO  com.hml.mall.aspect.SysLogAspect - 请求路径：【admin】：com.hml.mall.controller.bot.PreCodeController.getDraw()
2024-11-23 15:54:08.528 botMg [http-nio-8001-exec-6] INFO  com.hml.mall.aspect.SysLogAspect - 请求参数为：[{"rkey":"HXNN5"}]
2024-11-23 15:57:33.721 botMg [http-nio-8001-exec-5] INFO  com.hml.mall.aspect.SysLogAspect - 请求路径：【admin】：com.hml.mall.controller.bot.PreCodeController.findPage()
2024-11-23 15:57:33.721 botMg [http-nio-8001-exec-5] INFO  com.hml.mall.aspect.SysLogAspect - 请求参数为：[{"pageNum":1,"pageSize":50,"params":{"drawIssue":"","mode":"","id@desc":"a"}}]
2024-11-23 15:57:38.169 botMg [http-nio-8001-exec-8] INFO  com.hml.mall.aspect.SysLogAspect - 请求路径：【admin】：com.hml.mall.controller.bot.PreCodeController.getDraw()
2024-11-23 15:57:38.170 botMg [http-nio-8001-exec-8] INFO  com.hml.mall.aspect.SysLogAspect - 请求参数为：[{"rkey":"HXNN5"}]
2024-11-23 15:58:41.146 botMg [http-nio-8001-exec-7] INFO  com.hml.mall.aspect.SysLogAspect - 请求路径：【admin】：com.hml.mall.controller.bot.PreCodeController.findPage()
2024-11-23 15:58:41.146 botMg [http-nio-8001-exec-7] INFO  com.hml.mall.aspect.SysLogAspect - 请求参数为：[{"pageNum":1,"pageSize":50,"params":{"drawIssue":"","mode":"","id@desc":"a"}}]
2024-11-23 15:58:46.384 botMg [http-nio-8001-exec-9] INFO  com.hml.mall.aspect.SysLogAspect - 请求路径：【admin】：com.hml.mall.controller.bot.PreCodeController.getDraw()
2024-11-23 15:58:46.384 botMg [http-nio-8001-exec-9] INFO  com.hml.mall.aspect.SysLogAspect - 请求参数为：[{"rkey":"HXNN5"}]
2024-11-23 16:08:25.743 botMg [http-nio-8001-exec-10] INFO  com.hml.mall.aspect.SysLogAspect - 请求路径：【admin】：com.hml.mall.controller.bot.PreCodeController.findPage()
2024-11-23 16:08:25.743 botMg [http-nio-8001-exec-10] INFO  com.hml.mall.aspect.SysLogAspect - 请求参数为：[{"pageNum":1,"pageSize":50,"params":{"drawIssue":"","mode":"","id@desc":"a"}}]
2024-11-23 16:08:30.267 botMg [http-nio-8001-exec-1] INFO  com.hml.mall.aspect.SysLogAspect - 请求路径：【admin】：com.hml.mall.controller.bot.PreCodeController.getDraw()
2024-11-23 16:08:30.267 botMg [http-nio-8001-exec-1] INFO  com.hml.mall.aspect.SysLogAspect - 请求参数为：[{"rkey":"HXNN5"}]
2024-11-23 20:45:48.657 botMg [http-nio-8001-exec-4] INFO  com.hml.mall.aspect.SysLogAspect - 请求路径：【null】：com.hml.mall.controller.bot.PreCodeController.findPage()
2024-11-23 20:45:48.657 botMg [http-nio-8001-exec-4] INFO  com.hml.mall.aspect.SysLogAspect - 请求参数为：[{"pageNum":1,"pageSize":50,"params":{"drawIssue":"","mode":"","id@desc":"a"}}]
2024-11-23 20:46:05.609 botMg [http-nio-8001-exec-5] INFO  com.hml.mall.aspect.SysLogAspect - 请求路径：【admin】：com.hml.mall.controller.sys.MenuController.findNavTree()
2024-11-23 20:46:05.609 botMg [http-nio-8001-exec-5] INFO  com.hml.mall.aspect.SysLogAspect - 请求参数为：["admin"]
2024-11-23 20:46:05.627 botMg [http-nio-8001-exec-8] INFO  com.hml.mall.aspect.SysLogAspect - 请求路径：【admin】：com.hml.mall.controller.sys.LoginUserController.findByUserName()
2024-11-23 20:46:05.627 botMg [http-nio-8001-exec-8] INFO  com.hml.mall.aspect.SysLogAspect - 请求参数为：["admin"]
2024-11-23 20:46:05.676 botMg [http-nio-8001-exec-7] INFO  com.hml.mall.aspect.SysLogAspect - 请求路径：【admin】：com.hml.mall.controller.sys.LoginUserController.findPermissions()
2024-11-23 20:46:05.676 botMg [http-nio-8001-exec-7] INFO  com.hml.mall.aspect.SysLogAspect - 请求参数为：["admin"]
2024-11-23 20:46:10.628 botMg [http-nio-8001-exec-9] INFO  com.hml.mall.aspect.SysLogAspect - 请求路径：【admin】：com.hml.mall.controller.bot.PreCodeController.findPage()
2024-11-23 20:46:10.628 botMg [http-nio-8001-exec-9] INFO  com.hml.mall.aspect.SysLogAspect - 请求参数为：[{"pageNum":1,"pageSize":50,"params":{"drawIssue":"","mode":"","id@desc":"a"}}]
2024-11-23 20:46:15.283 botMg [http-nio-8001-exec-10] INFO  com.hml.mall.aspect.SysLogAspect - 请求路径：【admin】：com.hml.mall.controller.bot.PreCodeController.getDraw()
2024-11-23 20:46:15.283 botMg [http-nio-8001-exec-10] INFO  com.hml.mall.aspect.SysLogAspect - 请求参数为：[{"rkey":"HXNN5"}]
2024-11-23 20:48:24.525 botMg [http-nio-8001-exec-1] INFO  com.hml.mall.aspect.SysLogAspect - 请求路径：【admin】：com.hml.mall.controller.bot.PreCodeController.findPage()
2024-11-23 20:48:24.525 botMg [http-nio-8001-exec-1] INFO  com.hml.mall.aspect.SysLogAspect - 请求参数为：[{"pageNum":1,"pageSize":50,"params":{"drawIssue":"","mode":"","id@desc":"a"}}]
2024-11-23 20:48:30.750 botMg [http-nio-8001-exec-4] INFO  com.hml.mall.aspect.SysLogAspect - 请求路径：【admin】：com.hml.mall.controller.bot.PreCodeController.getDraw()
2024-11-23 20:48:30.750 botMg [http-nio-8001-exec-4] INFO  com.hml.mall.aspect.SysLogAspect - 请求参数为：[{"rkey":"HXNN5"}]
2024-11-23 20:54:52.286 botMg [http-nio-8001-exec-2] INFO  com.hml.mall.aspect.SysLogAspect - 请求路径：【admin】：com.hml.mall.controller.bot.PreCodeController.findPage()
2024-11-23 20:54:52.286 botMg [http-nio-8001-exec-2] INFO  com.hml.mall.aspect.SysLogAspect - 请求参数为：[{"pageNum":1,"pageSize":50,"params":{"drawIssue":"","mode":"","id@desc":"a"}}]
2024-11-23 20:55:14.597 botMg [http-nio-8001-exec-3] INFO  com.hml.mall.aspect.SysLogAspect - 请求路径：【admin】：com.hml.mall.controller.bot.PreCodeController.findPage()
2024-11-23 20:55:14.597 botMg [http-nio-8001-exec-3] INFO  com.hml.mall.aspect.SysLogAspect - 请求参数为：[{"pageNum":1,"pageSize":50,"params":{"drawIssue":"","mode":"","id@desc":"a"}}]
2024-11-23 20:55:19.837 botMg [http-nio-8001-exec-6] INFO  com.hml.mall.aspect.SysLogAspect - 请求路径：【admin】：com.hml.mall.controller.bot.PreCodeController.getDraw()
2024-11-23 20:55:19.837 botMg [http-nio-8001-exec-6] INFO  com.hml.mall.aspect.SysLogAspect - 请求参数为：[{"rkey":"HXNN5"}]
2024-11-23 20:56:38.848 botMg [http-nio-8001-exec-5] INFO  com.hml.mall.aspect.SysLogAspect - 请求路径：【admin】：com.hml.mall.controller.bot.PreCodeController.findPage()
2024-11-23 20:56:38.848 botMg [http-nio-8001-exec-5] INFO  com.hml.mall.aspect.SysLogAspect - 请求参数为：[{"pageNum":1,"pageSize":50,"params":{"drawIssue":"","mode":"","id@desc":"a"}}]
2024-11-23 20:56:45.424 botMg [http-nio-8001-exec-8] INFO  com.hml.mall.aspect.SysLogAspect - 请求路径：【admin】：com.hml.mall.controller.bot.PreCodeController.getDraw()
2024-11-23 20:56:45.424 botMg [http-nio-8001-exec-8] INFO  com.hml.mall.aspect.SysLogAspect - 请求参数为：[{"rkey":"HXNN5"}]
2024-11-23 20:57:40.475 botMg [http-nio-8001-exec-7] INFO  com.hml.mall.aspect.SysLogAspect - 请求路径：【admin】：com.hml.mall.controller.bot.PreCodeController.findPage()
2024-11-23 20:57:40.475 botMg [http-nio-8001-exec-7] INFO  com.hml.mall.aspect.SysLogAspect - 请求参数为：[{"pageNum":1,"pageSize":50,"params":{"drawIssue":"","mode":"","id@desc":"a"}}]
2024-11-23 20:57:49.194 botMg [http-nio-8001-exec-9] INFO  com.hml.mall.aspect.SysLogAspect - 请求路径：【admin】：com.hml.mall.controller.bot.PreCodeController.getDraw()
2024-11-23 20:57:49.195 botMg [http-nio-8001-exec-9] INFO  com.hml.mall.aspect.SysLogAspect - 请求参数为：[{"rkey":"HXNN5"}]
2024-11-23 21:00:26.700 botMg [http-nio-8001-exec-10] INFO  com.hml.mall.aspect.SysLogAspect - 请求路径：【admin】：com.hml.mall.controller.bot.PreCodeController.findPage()
2024-11-23 21:00:26.700 botMg [http-nio-8001-exec-10] INFO  com.hml.mall.aspect.SysLogAspect - 请求参数为：[{"pageNum":1,"pageSize":50,"params":{"drawIssue":"","mode":"","id@desc":"a"}}]
2024-11-23 21:00:33.357 botMg [http-nio-8001-exec-1] INFO  com.hml.mall.aspect.SysLogAspect - 请求路径：【admin】：com.hml.mall.controller.bot.PreCodeController.getDraw()
2024-11-23 21:00:33.357 botMg [http-nio-8001-exec-1] INFO  com.hml.mall.aspect.SysLogAspect - 请求参数为：[{"rkey":"HXNN5"}]
2024-11-23 21:05:39.781 botMg [http-nio-8001-exec-4] INFO  com.hml.mall.aspect.SysLogAspect - 请求路径：【admin】：com.hml.mall.controller.bot.PreCodeController.findPage()
2024-11-23 21:05:39.781 botMg [http-nio-8001-exec-4] INFO  com.hml.mall.aspect.SysLogAspect - 请求参数为：[{"pageNum":1,"pageSize":50,"params":{"drawIssue":"","mode":"","id@desc":"a"}}]
2024-11-23 21:05:46.961 botMg [http-nio-8001-exec-2] INFO  com.hml.mall.aspect.SysLogAspect - 请求路径：【admin】：com.hml.mall.controller.bot.PreCodeController.getDraw()
2024-11-23 21:05:46.961 botMg [http-nio-8001-exec-2] INFO  com.hml.mall.aspect.SysLogAspect - 请求参数为：[{"rkey":"HXNN5"}]
2024-11-23 21:10:12.654 botMg [http-nio-8001-exec-3] INFO  com.hml.mall.aspect.SysLogAspect - 请求路径：【admin】：com.hml.mall.controller.bot.PreCodeController.findPage()
2024-11-23 21:10:12.654 botMg [http-nio-8001-exec-3] INFO  com.hml.mall.aspect.SysLogAspect - 请求参数为：[{"pageNum":1,"pageSize":50,"params":{"drawIssue":"","mode":"","id@desc":"a"}}]
2024-11-23 21:10:17.256 botMg [http-nio-8001-exec-6] INFO  com.hml.mall.aspect.SysLogAspect - 请求路径：【admin】：com.hml.mall.controller.bot.PreCodeController.getDraw()
2024-11-23 21:10:17.256 botMg [http-nio-8001-exec-6] INFO  com.hml.mall.aspect.SysLogAspect - 请求参数为：[{"rkey":"HXNN5"}]
2024-11-23 21:11:51.056 botMg [http-nio-8001-exec-5] INFO  com.hml.mall.aspect.SysLogAspect - 请求路径：【admin】：com.hml.mall.controller.bot.PreCodeController.findPage()
2024-11-23 21:11:51.056 botMg [http-nio-8001-exec-5] INFO  com.hml.mall.aspect.SysLogAspect - 请求参数为：[{"pageNum":1,"pageSize":50,"params":{"drawIssue":"","mode":"","id@desc":"a"}}]
2024-11-23 21:11:55.514 botMg [http-nio-8001-exec-8] INFO  com.hml.mall.aspect.SysLogAspect - 请求路径：【admin】：com.hml.mall.controller.bot.PreCodeController.getDraw()
2024-11-23 21:11:55.515 botMg [http-nio-8001-exec-8] INFO  com.hml.mall.aspect.SysLogAspect - 请求参数为：[{"rkey":"HXNN5"}]
2024-11-23 21:13:19.502 botMg [http-nio-8001-exec-7] INFO  com.hml.mall.aspect.SysLogAspect - 请求路径：【admin】：com.hml.mall.controller.bot.PreCodeController.getDraw()
2024-11-23 21:13:19.502 botMg [http-nio-8001-exec-7] INFO  com.hml.mall.aspect.SysLogAspect - 请求参数为：[{"rkey":"HXNN5"}]
2024-11-23 21:13:22.352 botMg [http-nio-8001-exec-9] INFO  com.hml.mall.aspect.SysLogAspect - 请求路径：【admin】：com.hml.mall.controller.bot.PreCodeController.getDraw()
2024-11-23 21:13:22.352 botMg [http-nio-8001-exec-9] INFO  com.hml.mall.aspect.SysLogAspect - 请求参数为：[{"rkey":"HXNN5"}]
2024-11-23 21:15:13.797 botMg [http-nio-8001-exec-10] INFO  com.hml.mall.aspect.SysLogAspect - 请求路径：【admin】：com.hml.mall.controller.bot.PreCodeController.findPage()
2024-11-23 21:15:13.797 botMg [http-nio-8001-exec-10] INFO  com.hml.mall.aspect.SysLogAspect - 请求参数为：[{"pageNum":1,"pageSize":50,"params":{"drawIssue":"","mode":"","id@desc":"a"}}]
2024-11-23 21:16:07.179 botMg [http-nio-8001-exec-1] INFO  com.hml.mall.aspect.SysLogAspect - 请求路径：【admin】：com.hml.mall.controller.bot.PreCodeController.findPage()
2024-11-23 21:16:07.179 botMg [http-nio-8001-exec-1] INFO  com.hml.mall.aspect.SysLogAspect - 请求参数为：[{"pageNum":1,"pageSize":50,"params":{"drawIssue":"","mode":"","id@desc":"a"}}]
2024-11-23 21:16:33.438 botMg [http-nio-8001-exec-4] INFO  com.hml.mall.aspect.SysLogAspect - 请求路径：【admin】：com.hml.mall.controller.bot.PreCodeController.findPage()
2024-11-23 21:16:33.439 botMg [http-nio-8001-exec-4] INFO  com.hml.mall.aspect.SysLogAspect - 请求参数为：[{"pageNum":1,"pageSize":50,"params":{"drawIssue":"","mode":"","id@desc":"a"}}]
2024-11-23 21:16:41.774 botMg [http-nio-8001-exec-2] INFO  com.hml.mall.aspect.SysLogAspect - 请求路径：【admin】：com.hml.mall.controller.bot.PreCodeController.getDraw()
2024-11-23 21:16:41.775 botMg [http-nio-8001-exec-2] INFO  com.hml.mall.aspect.SysLogAspect - 请求参数为：[{"rkey":"HXNN5"}]
2024-11-23 21:17:40.822 botMg [http-nio-8001-exec-3] INFO  com.hml.mall.aspect.SysLogAspect - 请求路径：【admin】：com.hml.mall.controller.bot.PreCodeController.getDraw()
2024-11-23 21:17:40.822 botMg [http-nio-8001-exec-3] INFO  com.hml.mall.aspect.SysLogAspect - 请求参数为：[{"rkey":"HXNN5"}]
2024-11-23 21:19:38.671 botMg [http-nio-8001-exec-6] INFO  com.hml.mall.aspect.SysLogAspect - 请求路径：【admin】：com.hml.mall.controller.bot.PreCodeController.findPage()
2024-11-23 21:19:38.671 botMg [http-nio-8001-exec-6] INFO  com.hml.mall.aspect.SysLogAspect - 请求参数为：[{"pageNum":1,"pageSize":50,"params":{"drawIssue":"","mode":"","id@desc":"a"}}]
2024-11-23 21:19:43.759 botMg [http-nio-8001-exec-5] INFO  com.hml.mall.aspect.SysLogAspect - 请求路径：【admin】：com.hml.mall.controller.bot.PreCodeController.getDraw()
2024-11-23 21:19:43.759 botMg [http-nio-8001-exec-5] INFO  com.hml.mall.aspect.SysLogAspect - 请求参数为：[{"rkey":"HXNN5"}]
2024-11-23 21:20:52.938 botMg [http-nio-8001-exec-8] INFO  com.hml.mall.aspect.SysLogAspect - 请求路径：【admin】：com.hml.mall.controller.bot.PreCodeController.findPage()
2024-11-23 21:20:52.938 botMg [http-nio-8001-exec-8] INFO  com.hml.mall.aspect.SysLogAspect - 请求参数为：[{"pageNum":1,"pageSize":50,"params":{"drawIssue":"","mode":"","id@desc":"a"}}]
2024-11-23 21:20:57.377 botMg [http-nio-8001-exec-7] INFO  com.hml.mall.aspect.SysLogAspect - 请求路径：【admin】：com.hml.mall.controller.bot.PreCodeController.getDraw()
2024-11-23 21:20:57.377 botMg [http-nio-8001-exec-7] INFO  com.hml.mall.aspect.SysLogAspect - 请求参数为：[{"rkey":"HXNN5"}]
2024-11-23 21:20:59.260 botMg [http-nio-8001-exec-9] INFO  com.hml.mall.aspect.SysLogAspect - 请求路径：【admin】：com.hml.mall.controller.bot.PreCodeController.getDraw()
2024-11-23 21:20:59.260 botMg [http-nio-8001-exec-9] INFO  com.hml.mall.aspect.SysLogAspect - 请求参数为：[{"rkey":"HXNN5"}]
2024-11-23 21:21:16.713 botMg [http-nio-8001-exec-10] INFO  com.hml.mall.aspect.SysLogAspect - 请求路径：【admin】：com.hml.mall.controller.bot.PreCodeController.save()
2024-11-23 21:21:16.713 botMg [http-nio-8001-exec-10] INFO  com.hml.mall.aspect.SysLogAspect - 请求参数为：[{"code":"05,01,02,03,07,04,06,09,08,10","createTime":1732368076666,"createUser":"admin","dataId":6324,"drawIssue":"2411230256","drawTime":"2024-11-23 21:25:40","id":5,"memo":"","mode":7,"rkey":"HXNN5"}]
2024-11-23 21:21:16.750 botMg [http-nio-8001-exec-1] INFO  com.hml.mall.aspect.SysLogAspect - 请求路径：【admin】：com.hml.mall.controller.bot.PreCodeController.findPage()
2024-11-23 21:21:16.750 botMg [http-nio-8001-exec-1] INFO  com.hml.mall.aspect.SysLogAspect - 请求参数为：[{"pageNum":1,"pageSize":50,"params":{"drawIssue":"","mode":"","id@desc":"a"}}]
